#-----------------------------------------------------------
# Vivado v2023.2 (64-bit)
# SW Build 4029153 on Fri Oct 13 20:13:54 MDT 2023
# IP Build 4028589 on Sat Oct 14 00:45:43 MDT 2023
# SharedData Build 4025554 on Tue Oct 10 17:18:54 MDT 2023
# Start of session at: Mon Jun 16 14:20:47 2025
# Process ID: 1239692
# Current directory: /usr/scratch/badile38/sem25f15/tspi_croc
# Command line: vivado
# Log file: /usr/scratch/badile38/sem25f15/tspi_croc/vivado.log
# Journal file: /usr/scratch/badile38/sem25f15/tspi_croc/vivado.jou
# Running On: badile39.ee.ethz.ch, OS: Linux, CPU Frequency: 600.000 MHz, CPU Physical cores: 24, Host memory: 64780 MB
#-----------------------------------------------------------
start_gui
WARNING: [Board 49-26] cannot add Board Part xilinx.com:vek280_es:part0:1.0 available at /usr/pack/vitis-2023.2-zr/Vivado/2023.2/data/xhub/boards/XilinxBoardStore/boards/Xilinx/vek280/es/rev_a/1.0/board.xml as part xcve2802-vsvh1760-2lp-e-s-es1 specified in board_part file is either invalid or not available
WARNING: [Board 49-26] cannot add Board Part xilinx.com:vek280_es:part0:1.1 available at /usr/pack/vitis-2023.2-zr/Vivado/2023.2/data/xhub/boards/XilinxBoardStore/boards/Xilinx/vek280/es/rev_a/1.1/board.xml as part xcve2802-vsvh1760-2lp-e-s-es1 specified in board_part file is either invalid or not available
WARNING: [Board 49-26] cannot add Board Part xilinx.com:vek280_es_revb:part0:1.0 available at /usr/pack/vitis-2023.2-zr/Vivado/2023.2/data/xhub/boards/XilinxBoardStore/boards/Xilinx/vek280/es/rev_b/1.0/board.xml as part xcve2802-vsvh1760-2mp-e-s-es1 specified in board_part file is either invalid or not available
WARNING: [Board 49-26] cannot add Board Part xilinx.com:vek280_es_revb:part0:1.1 available at /usr/pack/vitis-2023.2-zr/Vivado/2023.2/data/xhub/boards/XilinxBoardStore/boards/Xilinx/vek280/es/rev_b/1.1/board.xml as part xcve2802-vsvh1760-2mp-e-s-es1 specified in board_part file is either invalid or not available
WARNING: [Board 49-26] cannot add Board Part xilinx.com:vhk158_es:part0:1.0 available at /usr/pack/vitis-2023.2-zr/Vivado/2023.2/data/xhub/boards/XilinxBoardStore/boards/Xilinx/vhk158/es/1.0/board.xml as part xcvh1582-vsva3697-2mp-e-s-es1 specified in board_part file is either invalid or not available
WARNING: [Board 49-26] cannot add Board Part xilinx.com:vhk158_es:part0:1.1 available at /usr/pack/vitis-2023.2-zr/Vivado/2023.2/data/xhub/boards/XilinxBoardStore/boards/Xilinx/vhk158/es/1.1/board.xml as part xcvh1582-vsva3697-2mp-e-s-es1 specified in board_part file is either invalid or not available
WARNING: [Board 49-26] cannot add Board Part xilinx.com:zcu208ld:part0:2.0 available at /usr/pack/vitis-2023.2-zr/Vivado/2023.2/data/xhub/boards/XilinxBoardStore/boards/Xilinx/zcu208ld/production/2.0/board.xml as part xczu58dr-fsvg1517-2-i specified in board_part file is either invalid or not available
WARNING: [Board 49-26] cannot add Board Part xilinx.com:zcu216ld:part0:2.0 available at /usr/pack/vitis-2023.2-zr/Vivado/2023.2/data/xhub/boards/XilinxBoardStore/boards/Xilinx/zcu216ld/production/2.0/board.xml as part xczu59dr-ffvf1760-2-i specified in board_part file is either invalid or not available
WARNING: [Board 49-26] cannot add Board Part xilinx.com:zcu670:part0:2.0 available at /usr/pack/vitis-2023.2-zr/Vivado/2023.2/data/xhub/boards/XilinxBoardStore/boards/Xilinx/zcu670/2.0/board.xml as part xczu67dr-fsve1156-2-i specified in board_part file is either invalid or not available
WARNING: [Board 49-26] cannot add Board Part xilinx.com:zcu670ld:part0:1.0 available at /usr/pack/vitis-2023.2-zr/Vivado/2023.2/data/xhub/boards/XilinxBoardStore/boards/Xilinx/zcu670ld/1.0/board.xml as part xczu57dr-fsve1156-2-i specified in board_part file is either invalid or not available
open_project /usr/scratch/badile38/sem25f15/tspi_croc/zybo/vivado/test.xpr
Scanning sources...
Finished scanning sources
INFO: [IP_Flow 19-234] Refreshing IP repositories
INFO: [IP_Flow 19-1704] No user IP repositories specified
INFO: [IP_Flow 19-2313] Loaded Vivado IP repository '/usr/pack/vitis-2023.2-zr/Vivado/2023.2/data/ip'.
update_compile_order -fileset sources_1
launch_runs impl_1 -jobs 8
[Mon Jun 16 14:21:18 2025] Launched impl_1...
Run output will be captured here: /usr/scratch/badile38/sem25f15/tspi_croc/zybo/vivado/test.runs/impl_1/runme.log
INFO: [Device 21-403] Loading part xc7z020clg400-1
set_property -dict [list \
  CONFIG.CLKOUT1_JITTER {190.830} \
  CONFIG.CLKOUT1_PHASE_ERROR {109.126} \
  CONFIG.CLKOUT1_REQUESTED_OUT_FREQ {20.000} \
  CONFIG.MMCM_CLKFBOUT_MULT_F {8.500} \
  CONFIG.MMCM_CLKOUT0_DIVIDE_F {42.500} \
] [get_ips clk_wiz_0]
generate_target all [get_files  /usr/scratch/badile38/sem25f15/tspi_croc/zybo/vivado/test.srcs/sources_1/ip/clk_wiz_0_1/clk_wiz_0.xci]
INFO: [IP_Flow 19-1686] Generating 'Instantiation Template' target for IP 'clk_wiz_0'...
INFO: [IP_Flow 19-1686] Generating 'Synthesis' target for IP 'clk_wiz_0'...
INFO: [IP_Flow 19-1686] Generating 'Simulation' target for IP 'clk_wiz_0'...
INFO: [IP_Flow 19-1686] Generating 'Implementation' target for IP 'clk_wiz_0'...
INFO: [IP_Flow 19-1686] Generating 'Change Log' target for IP 'clk_wiz_0'...
catch { config_ip_cache -export [get_ips -all clk_wiz_0] }
INFO: [IP_Flow 19-6924] IPCACHE: Running cache check for IP inst: clk_wiz_0
export_ip_user_files -of_objects [get_files /usr/scratch/badile38/sem25f15/tspi_croc/zybo/vivado/test.srcs/sources_1/ip/clk_wiz_0_1/clk_wiz_0.xci] -no_script -sync -force -quiet
reset_run clk_wiz_0_synth_1
launch_runs clk_wiz_0_synth_1 -jobs 8
INFO: [IP_Flow 19-6924] IPCACHE: Running cache check for IP inst: clk_wiz_0
[Mon Jun 16 14:23:05 2025] Launched clk_wiz_0_synth_1...
Run output will be captured here: /usr/scratch/badile38/sem25f15/tspi_croc/zybo/vivado/test.runs/clk_wiz_0_synth_1/runme.log
export_simulation -of_objects [get_files /usr/scratch/badile38/sem25f15/tspi_croc/zybo/vivado/test.srcs/sources_1/ip/clk_wiz_0_1/clk_wiz_0.xci] -directory /usr/scratch/badile38/sem25f15/tspi_croc/zybo/vivado/test.ip_user_files/sim_scripts -ip_user_files_dir /usr/scratch/badile38/sem25f15/tspi_croc/zybo/vivado/test.ip_user_files -ipstatic_source_dir /usr/scratch/badile38/sem25f15/tspi_croc/zybo/vivado/test.ip_user_files/ipstatic -lib_map_path [list {modelsim=/usr/scratch/badile38/sem25f15/tspi_croc/zybo/vivado/test.cache/compile_simlib/modelsim} {questa=/usr/scratch/badile38/sem25f15/tspi_croc/zybo/vivado/test.cache/compile_simlib/questa} {xcelium=/usr/scratch/badile38/sem25f15/tspi_croc/zybo/vivado/test.cache/compile_simlib/xcelium} {vcs=/usr/scratch/badile38/sem25f15/tspi_croc/zybo/vivado/test.cache/compile_simlib/vcs} {riviera=/usr/scratch/badile38/sem25f15/tspi_croc/zybo/vivado/test.cache/compile_simlib/riviera}] -use_ip_compiled_libs -force -quiet
