#
# An unexpected error has occurred (11)
#
Stack:
/usr/pack/vivado-2019.1.1-bt/Vivado/2019.1/tps/lnx64/jre9.0.4/lib//server/libjvm.so(+0xb6aadb) [0x7f3af5f3eadb]
/usr/pack/vivado-2019.1.1-bt/Vivado/2019.1/tps/lnx64/jre9.0.4/lib//server/libjvm.so(JVM_handle_linux_signal+0xbb) [0x7f3af5f43e1b]
/usr/pack/vivado-2019.1.1-bt/Vivado/2019.1/tps/lnx64/jre9.0.4/lib//server/libjvm.so(+0xb647b8) [0x7f3af5f387b8]
/lib64/libc.so.6(+0x4e5b0) [0x7f3b4ae0b5b0]
/usr/pack/vivado-2019.1.1-bt/Vivado/2019.1/lib/lnx64.o/librdi_project.so(HAPRProjUtils::shouldReadNetlistFromXn(DcpReader const*)+0x22) [0x7f3b0bb1dc92]
/usr/pack/vivado-2019.1.1-bt/Vivado/2019.1/lib/lnx64.o/librdi_project.so(HAPRProjUtils::openBinaryNetlistIfAvailable(DcpReader const*, HDARPart const*, HDGUIStatus&)+0x20) [0x7f3b0bb1e0c0]
/usr/pack/vivado-2019.1.1-bt/Vivado/2019.1/lib/lnx64.o/librdi_project.so(HAPRDesign::openNetlist_(HDGUIStatus&)+0xb7) [0x7f3b0baa9927]
/usr/pack/vivado-2019.1.1-bt/Vivado/2019.1/lib/lnx64.o/librdi_project.so(HAPRDesign::openAndProcessNetlist_(HDGUIStatus&, bool, bool&)+0x190) [0x7f3b0baae540]
/usr/pack/vivado-2019.1.1-bt/Vivado/2019.1/lib/lnx64.o/librdi_project.so(HAPRDesign::refreshDesign(HDGUIStatus&)+0x278) [0x7f3b0baaf758]
/usr/pack/vivado-2019.1.1-bt/Vivado/2019.1/lib/lnx64.o/librdi_tcltasks.so(+0xe1e993) [0x7f3b30f89993]
/usr/pack/vivado-2019.1.1-bt/Vivado/2019.1/lib/lnx64.o/librdi_common.so(+0x8068f2) [0x7f3b4c13a8f2]
/usr/pack/vivado-2019.1.1-bt/Vivado/2019.1/lib/lnx64.o/libtcl8.5.so(+0x334af) [0x7f3b4646e4af]
/usr/pack/vivado-2019.1.1-bt/Vivado/2019.1/lib/lnx64.o/libtcl8.5.so(+0x76875) [0x7f3b464b1875]
/usr/pack/vivado-2019.1.1-bt/Vivado/2019.1/lib/lnx64.o/libtcl8.5.so(+0x7e029) [0x7f3b464b9029]
/usr/pack/vivado-2019.1.1-bt/Vivado/2019.1/lib/lnx64.o/libtcl8.5.so(TclEvalObjEx+0x76) [0x7f3b46470156]
/usr/pack/vivado-2019.1.1-bt/Vivado/2019.1/lib/lnx64.o/librdi_common.so(+0x804e01) [0x7f3b4c138e01]
/usr/pack/vivado-2019.1.1-bt/Vivado/2019.1/lib/lnx64.o/libtcl8.5.so(Tcl_ServiceEvent+0x7f) [0x7f3b464e2b0f]
/usr/pack/vivado-2019.1.1-bt/Vivado/2019.1/lib/lnx64.o/libtcl8.5.so(Tcl_DoOneEvent+0x154) [0x7f3b464e2e44]
/usr/pack/vivado-2019.1.1-bt/Vivado/2019.1/lib/lnx64.o/librdi_commontasks.so(+0x231625) [0x7f3b34287625]
/usr/pack/vivado-2019.1.1-bt/Vivado/2019.1/lib/lnx64.o/librdi_commontasks.so(+0x23b163) [0x7f3b34291163]
/usr/pack/vivado-2019.1.1-bt/Vivado/2019.1/lib/lnx64.o/librdi_commontasks.so(+0x23c1fe) [0x7f3b342921fe]
/usr/pack/vivado-2019.1.1-bt/Vivado/2019.1/lib/lnx64.o/librdi_common.so(+0x8068f2) [0x7f3b4c13a8f2]
/usr/pack/vivado-2019.1.1-bt/Vivado/2019.1/lib/lnx64.o/libtcl8.5.so(+0x334af) [0x7f3b4646e4af]
/usr/pack/vivado-2019.1.1-bt/Vivado/2019.1/lib/lnx64.o/libtcl8.5.so(+0x76875) [0x7f3b464b1875]
/usr/pack/vivado-2019.1.1-bt/Vivado/2019.1/lib/lnx64.o/libtcl8.5.so(+0x7e029) [0x7f3b464b9029]
/usr/pack/vivado-2019.1.1-bt/Vivado/2019.1/lib/lnx64.o/libtcl8.5.so(TclEvalObjEx+0x76) [0x7f3b46470156]
/usr/pack/vivado-2019.1.1-bt/Vivado/2019.1/lib/lnx64.o/librdi_commonmain.so(+0x7424) [0x7f3b4b730424]
/usr/pack/vivado-2019.1.1-bt/Vivado/2019.1/lib/lnx64.o/libtcl8.5.so(Tcl_Main+0x1d0) [0x7f3b464db210]
/usr/pack/vivado-2019.1.1-bt/Vivado/2019.1/lib/lnx64.o/librdi_common.so(+0x84acab) [0x7f3b4c17ecab]
/lib64/libpthread.so.0(+0x81ca) [0x7f3b4aba51ca]
/lib64/libc.so.6(clone+0x43) [0x7f3b4adf68d3]
